# JRE version: OpenJDK Runtime Environment (8.0_152-b06) (build 1.8.0_152-release-1136-b06)
# Java VM: OpenJDK 64-Bit Server VM (25.152-b06 mixed mode linux-amd64 compressed oops)
Heap:
 PSYoungGen      total 318464K, used 0K [0x00000000eab00000, 0x0000000100000000, 0x0000000100000000)
  eden space 287744K, 0% used [0x00000000eab00000,0x00000000eab00000,0x00000000fc400000)
  from space 30720K, 0% used [0x00000000fc400000,0x00000000fc400000,0x00000000fe200000)
  to   space 30720K, 0% used [0x00000000fe200000,0x00000000fe200000,0x0000000100000000)
 ParOldGen       total 197120K, used 191046K [0x00000000c0000000, 0x00000000cc080000, 0x00000000eab00000)
  object space 197120K, 96% used [0x00000000c0000000,0x00000000cba91ba0,0x00000000cc080000)
 Metaspace       used 89117K, capacity 93360K, committed 93588K, reserved 1130496K
  class space    used 11324K, capacity 12349K, committed 12476K, reserved 1048576K
GC Heap History (10 events):
Event: 1376.928 GC heap after
Heap after GC invocations=44 (full 4):
 PSYoungGen      total 319488K, used 3744K [0x00000000eab00000, 0x00000000ffd80000, 0x0000000100000000)
  eden space 294400K, 0% used [0x00000000eab00000,0x00000000eab00000,0x00000000fca80000)
  from space 25088K, 14% used [0x00000000fe500000,0x00000000fe8a8050,0x00000000ffd80000)
  to   space 26112K, 0% used [0x00000000fca80000,0x00000000fca80000,0x00000000fe400000)
 ParOldGen       total 151552K, used 141545K [0x00000000c0000000, 0x00000000c9400000, 0x00000000eab00000)
  object space 151552K, 93% used [0x00000000c0000000,0x00000000c8a3a6e8,0x00000000c9400000)
 Metaspace       used 88156K, capacity 92340K, committed 92692K, reserved 1130496K
  class space    used 11227K, capacity 12249K, committed 12348K, reserved 1048576K
}
Event: 1378.699 GC heap before
{Heap before GC invocations=45 (full 4):
 PSYoungGen      total 319488K, used 298144K [0x00000000eab00000, 0x00000000ffd80000, 0x0000000100000000)
  eden space 294400K, 100% used [0x00000000eab00000,0x00000000fca80000,0x00000000fca80000)
  from space 25088K, 14% used [0x00000000fe500000,0x00000000fe8a8050,0x00000000ffd80000)
  to   space 26112K, 0% used [0x00000000fca80000,0x00000000fca80000,0x00000000fe400000)
 ParOldGen       total 151552K, used 141545K [0x00000000c0000000, 0x00000000c9400000, 0x00000000eab00000)
  object space 151552K, 93% used [0x00000000c0000000,0x00000000c8a3a6e8,0x00000000c9400000)
 Metaspace       used 88215K, capacity 92416K, committed 92692K, reserved 1130496K
  class space    used 11233K, capacity 12251K, committed 12348K, reserved 1048576K
Event: 1378.795 GC heap after
Heap after GC invocations=45 (full 4):
 PSYoungGen      total 320512K, used 7724K [0x00000000eab00000, 0x00000000ffd00000, 0x0000000100000000)
  eden space 294400K, 0% used [0x00000000eab00000,0x00000000eab00000,0x00000000fca80000)
  from space 26112K, 29% used [0x00000000fca80000,0x00000000fd20b168,0x00000000fe400000)
  to   space 24064K, 0% used [0x00000000fe580000,0x00000000fe580000,0x00000000ffd00000)
 ParOldGen       total 151552K, used 144225K [0x00000000c0000000, 0x00000000c9400000, 0x00000000eab00000)
  object space 151552K, 95% used [0x00000000c0000000,0x00000000c8cd86e8,0x00000000c9400000)
 Metaspace       used 88215K, capacity 92416K, committed 92692K, reserved 1130496K
  class space    used 11233K, capacity 12251K, committed 12348K, reserved 1048576K
}
Event: 1378.803 GC heap before
{Heap before GC invocations=46 (full 5):
 PSYoungGen      total 320512K, used 7724K [0x00000000eab00000, 0x00000000ffd00000, 0x0000000100000000)
  eden space 294400K, 0% used [0x00000000eab00000,0x00000000eab00000,0x00000000fca80000)
  from space 26112K, 29% used [0x00000000fca80000,0x00000000fd20b168,0x00000000fe400000)
  to   space 24064K, 0% used [0x00000000fe580000,0x00000000fe580000,0x00000000ffd00000)
 ParOldGen       total 151552K, used 144225K [0x00000000c0000000, 0x00000000c9400000, 0x00000000eab00000)
  object space 151552K, 95% used [0x00000000c0000000,0x00000000c8cd86e8,0x00000000c9400000)
 Metaspace       used 88215K, capacity 92416K, committed 92692K, reserved 1130496K
  class space    used 11233K, capacity 12251K, committed 12348K, reserved 1048576K
Event: 1380.145 GC heap after
Heap after GC invocations=46 (full 5):
 PSYoungGen      total 320512K, used 0K [0x00000000eab00000, 0x00000000ffd00000, 0x0000000100000000)
  eden space 294400K, 0% used [0x00000000eab00000,0x00000000eab00000,0x00000000fca80000)
  from space 26112K, 0% used [0x00000000fca80000,0x00000000fca80000,0x00000000fe400000)
  to   space 24064K, 0% used [0x00000000fe580000,0x00000000fe580000,0x00000000ffd00000)
 ParOldGen       total 197120K, used 132495K [0x00000000c0000000, 0x00000000cc080000, 0x00000000eab00000)
  object space 197120K, 67% used [0x00000000c0000000,0x00000000c8163f50,0x00000000cc080000)
 Metaspace       used 88199K, capacity 92396K, committed 92692K, reserved 1130496K
  class space    used 11230K, capacity 12247K, committed 12348K, reserved 1048576K
}
Event: 1385.042 GC heap before
{Heap before GC invocations=47 (full 5):
 PSYoungGen      total 320512K, used 294400K [0x00000000eab00000, 0x00000000ffd00000, 0x0000000100000000)
  eden space 294400K, 100% used [0x00000000eab00000,0x00000000fca80000,0x00000000fca80000)
  from space 26112K, 0% used [0x00000000fca80000,0x00000000fca80000,0x00000000fe400000)
  to   space 24064K, 0% used [0x00000000fe580000,0x00000000fe580000,0x00000000ffd00000)
 ParOldGen       total 197120K, used 132495K [0x00000000c0000000, 0x00000000cc080000, 0x00000000eab00000)
  object space 197120K, 67% used [0x00000000c0000000,0x00000000c8163f50,0x00000000cc080000)
 Metaspace       used 88521K, capacity 92718K, committed 92948K, reserved 1130496K
  class space    used 11261K, capacity 12284K, committed 12348K, reserved 1048576K
Event: 1385.082 GC heap after
Heap after GC invocations=47 (full 5):
 PSYoungGen      total 311808K, used 24043K [0x00000000eab00000, 0x0000000100000000, 0x0000000100000000)
  eden space 287744K, 0% used [0x00000000eab00000,0x00000000eab00000,0x00000000fc400000)
  from space 24064K, 99% used [0x00000000fe580000,0x00000000ffcfad18,0x00000000ffd00000)
  to   space 30720K, 0% used [0x00000000fc400000,0x00000000fc400000,0x00000000fe200000)
 ParOldGen       total 197120K, used 138011K [0x00000000c0000000, 0x00000000cc080000, 0x00000000eab00000)
  object space 197120K, 70% used [0x00000000c0000000,0x00000000c86c6ca8,0x00000000cc080000)
 Metaspace       used 88521K, capacity 92718K, committed 92948K, reserved 1130496K
  class space    used 11261K, capacity 12284K, committed 12348K, reserved 1048576K
}
Event: 1387.699 GC heap before
{Heap before GC invocations=48 (full 5):
 PSYoungGen      total 311808K, used 311787K [0x00000000eab00000, 0x0000000100000000, 0x0000000100000000)
  eden space 287744K, 100% used [0x00000000eab00000,0x00000000fc400000,0x00000000fc400000)
  from space 24064K, 99% used [0x00000000fe580000,0x00000000ffcfad18,0x00000000ffd00000)
  to   space 30720K, 0% used [0x00000000fc400000,0x00000000fc400000,0x00000000fe200000)
 ParOldGen       total 197120K, used 138011K [0x00000000c0000000, 0x00000000cc080000, 0x00000000eab00000)
  object space 197120K, 70% used [0x00000000c0000000,0x00000000c86c6ca8,0x00000000cc080000)
 Metaspace       used 89117K, capacity 93360K, committed 93588K, reserved 1130496K
  class space    used 11324K, capacity 12349K, committed 12476K, reserved 1048576K
Event: 1387.885 GC heap after
Heap after GC invocations=48 (full 5):
 PSYoungGen      total 318464K, used 30715K [0x00000000eab00000, 0x0000000100000000, 0x0000000100000000)
  eden space 287744K, 0% used [0x00000000eab00000,0x00000000eab00000,0x00000000fc400000)
  from space 30720K, 99% used [0x00000000fc400000,0x00000000fe1feec0,0x00000000fe200000)
  to   space 30720K, 0% used [0x00000000fe200000,0x00000000fe200000,0x0000000100000000)
 ParOldGen       total 197120K, used 181564K [0x00000000c0000000, 0x00000000cc080000, 0x00000000eab00000)
  object space 197120K, 92% used [0x00000000c0000000,0x00000000cb14f200,0x00000000cc080000)
 Metaspace       used 89117K, capacity 93360K, committed 93588K, reserved 1130496K
  class space    used 11324K, capacity 12349K, committed 12476K, reserved 1048576K
}
Event: 1387.885 GC heap before
{Heap before GC invocations=49 (full 6):
 PSYoungGen      total 318464K, used 30715K [0x00000000eab00000, 0x0000000100000000, 0x0000000100000000)
  eden space 287744K, 0% used [0x00000000eab00000,0x00000000eab00000,0x00000000fc400000)
  from space 30720K, 99% used [0x00000000fc400000,0x00000000fe1feec0,0x00000000fe200000)
  to   space 30720K, 0% used [0x00000000fe200000,0x00000000fe200000,0x0000000100000000)
 ParOldGen       total 197120K, used 181564K [0x00000000c0000000, 0x00000000cc080000, 0x00000000eab00000)
  object space 197120K, 92% used [0x00000000c0000000,0x00000000cb14f200,0x00000000cc080000)
 Metaspace       used 89117K, capacity 93360K, committed 93588K, reserved 1130496K
  class space    used 11324K, capacity 12349K, committed 12476K, reserved 1048576K

